<?xml version="1.0" encoding="UTF-8"?>
<!-- Generated by org.testng.reporters.JUnitReportReporter -->
<testsuite hostname="IMTHADULLAH-PC" failures="0" tests="1" name="TestNG.Grp2" time="0.007" errors="0" timestamp="2024-04-09T22:32:31 IST" skipped="0">
  <testcase classname="TestNG.Grp2" name="method4" time="0.007"/>
  <system-out/>
</testsuite> <!-- TestNG.Grp2 -->
