<?xml version="1.0" encoding="UTF-8"?>
<!-- Generated by org.testng.reporters.JUnitReportReporter -->
<testsuite hostname="IMTHADULLAH-PC" failures="0" tests="1" name="WebelementAndWebDriver.TestNG" time="0.050" errors="0" timestamp="2024-04-01T12:50:24 IST" skipped="0">
  <testcase classname="WebelementAndWebDriver.TestNG" name="x1" time="0.050"/>
  <system-out/>
</testsuite> <!-- WebelementAndWebDriver.TestNG -->
