<?xml version="1.0" encoding="UTF-8"?>
<!-- Generated by org.testng.reporters.JUnitReportReporter -->
<testsuite hostname="IMTHADULLAH-PC" failures="0" tests="3" name="Turbo.Cart" time="222.733" errors="0" timestamp="2024-05-28T15:05:05 IST" skipped="0">
  <testcase classname="Turbo.Cart" name="turboEntry" time="56.507"/>
  <system-out/>
  <testcase classname="Turbo.Cart" name="Addtocart" time="64.317"/>
  <system-out/>
  <testcase classname="Turbo.Cart" name="cart" time="101.909"/>
  <system-out/>
</testsuite> <!-- Turbo.Cart -->
