<?xml version="1.0" encoding="UTF-8"?>
<!-- Generated by org.testng.reporters.JUnitReportReporter -->
<testsuite hostname="IMTHADULLAH-PC" failures="0" tests="1" name="TestNG.PropertieInTestNG" time="17.344" errors="0" timestamp="2024-04-24T09:29:24 IST" skipped="0">
  <testcase classname="TestNG.PropertieInTestNG" name="create" time="17.344"/>
  <system-out/>
</testsuite> <!-- TestNG.PropertieInTestNG -->
