<?xml version="1.0" encoding="UTF-8"?>
<!-- Generated by org.testng.reporters.JUnitReportReporter -->
<testsuite hostname="IMTHADULLAH-PC" failures="0" tests="1" name="WebelementAndWebDriver.TestNGbasic" time="0.029" errors="0" timestamp="2024-04-02T07:43:17 IST" skipped="0">
  <testcase classname="WebelementAndWebDriver.TestNGbasic" name="x1" time="0.029"/>
  <system-out/>
</testsuite> <!-- WebelementAndWebDriver.TestNGbasic -->
