<?xml version="1.0" encoding="UTF-8"?>
<!-- Generated by org.testng.reporters.JUnitReportReporter -->
<testsuite hostname="IMTHADULLAH-PC" failures="0" tests="6" name="AdactinProject.AdactinMainCode" time="41.476" errors="0" timestamp="2024-05-02T09:21:21 IST" skipped="0">
  <testcase classname="AdactinProject.AdactinMainCode" name="AdactinLoginPage" time="13.386"/>
  <system-out/>
  <testcase classname="AdactinProject.AdactinMainCode" name="HotelSelectionPage" time="4.687"/>
  <system-out/>
  <testcase classname="AdactinProject.AdactinMainCode" name="HotelConfirmationPage" time="1.849"/>
  <system-out/>
  <testcase classname="AdactinProject.AdactinMainCode" name="PersonalDetailsEntryPage" time="3.642"/>
  <system-out/>
  <testcase classname="AdactinProject.AdactinMainCode" name="BookingconfirmAndCancelingPage" time="16.852"/>
  <system-out/>
  <testcase classname="AdactinProject.AdactinMainCode" name="LogoutPage" time="1.060"/>
  <system-out/>
</testsuite> <!-- AdactinProject.AdactinMainCode -->
