<?xml version="1.0" encoding="UTF-8"?>
<!-- Generated by org.testng.reporters.JUnitReportReporter -->
<testsuite hostname="IMTHADULLAH-PC" failures="0" tests="1" name="TestNG.TestNGbasic" time="0.032" errors="0" timestamp="2024-04-20T17:47:09 IST" skipped="0">
  <testcase classname="TestNG.TestNGbasic" name="x1" time="0.032"/>
  <system-out/>
</testsuite> <!-- TestNG.TestNGbasic -->
