<?xml version="1.0" encoding="UTF-8"?>
<!-- Generated by org.testng.reporters.JUnitReportReporter -->
<testsuite hostname="IMTHADULLAH-PC" failures="0" tests="3" name="Turbo.complete" time="174.225" errors="0" timestamp="2024-06-01T20:10:15 IST" skipped="0">
  <testcase classname="Turbo.complete" name="turboEntry" time="82.248"/>
  <system-out/>
  <testcase classname="Turbo.complete" name="Addtocart" time="55.834"/>
  <system-out/>
  <testcase classname="Turbo.complete" name="cart" time="36.143"/>
  <system-out/>
</testsuite> <!-- Turbo.complete -->
