<?xml version="1.0" encoding="UTF-8"?>
<!-- Generated by org.testng.reporters.JUnitReportReporter -->
<testsuite hostname="IMTHADULLAH-PC" failures="0" tests="2" name="Turbo.UserInput" time="188.743" errors="0" timestamp="2024-06-02T20:26:59 IST" skipped="0">
  <testcase classname="Turbo.UserInput" name="turboEntry" time="165.034"/>
  <system-out/>
  <testcase classname="Turbo.UserInput" name="cart" time="23.709"/>
  <system-out/>
</testsuite> <!-- Turbo.UserInput -->
