<?xml version="1.0" encoding="UTF-8"?>
<!-- Generated by org.testng.reporters.JUnitReportReporter -->
<testsuite hostname="DESKTOP-SKRGRIP" failures="0" tests="2" name="TestNG.TestNGDataProvider" time="13.299" errors="0" timestamp="2024-09-16T17:14:36 IST" skipped="0">
  <testcase classname="TestNG.TestNGDataProvider" name="detailsEnter" time="4.057"/>
  <system-out/>
  <testcase classname="TestNG.TestNGDataProvider" name="detailsEnter" time="9.242"/>
  <system-out/>
</testsuite> <!-- TestNG.TestNGDataProvider -->
