<?xml version="1.0" encoding="UTF-8"?>
<!-- Generated by org.testng.reporters.JUnitReportReporter -->
<testsuite hostname="IMTHADULLAH-PC" failures="0" tests="1" name="Turbo.basic" time="40.868" errors="0" timestamp="2024-05-27T18:04:20 IST" skipped="0">
  <testcase classname="Turbo.basic" name="turbo" time="40.868"/>
  <system-out/>
</testsuite> <!-- Turbo.basic -->
