<?xml version="1.0" encoding="UTF-8"?>
<!-- Generated by org.testng.reporters.JUnitReportReporter -->
<testsuite hostname="IMTHADULLAH-PC" failures="0" tests="6" name="TestNG.AdactinIndepth" time="37.289" errors="0" timestamp="2024-04-26T12:00:32 IST" skipped="0">
  <testcase classname="TestNG.AdactinIndepth" name="page2" time="2.143"/>
  <system-out/>
  <testcase classname="TestNG.AdactinIndepth" name="page6" time="1.597"/>
  <system-out/>
  <testcase classname="TestNG.AdactinIndepth" name="page4" time="14.783"/>
  <system-out/>
  <testcase classname="TestNG.AdactinIndepth" name="page3" time="2.709"/>
  <system-out/>
  <testcase classname="TestNG.AdactinIndepth" name="page1" time="5.242"/>
  <system-out/>
  <testcase classname="TestNG.AdactinIndepth" name="AdactinLoginPage" time="10.815"/>
  <system-out/>
</testsuite> <!-- TestNG.AdactinIndepth -->
