<?xml version="1.0" encoding="UTF-8"?>
<!-- Generated by org.testng.reporters.JUnitReportReporter -->
<testsuite hostname="IMTHADULLAH-PC" failures="0" tests="1" name="TestNG.Grp1" time="0.021" errors="0" timestamp="2024-04-09T22:32:31 IST" skipped="0">
  <testcase classname="TestNG.Grp1" name="method2" time="0.021"/>
  <system-out/>
</testsuite> <!-- TestNG.Grp1 -->
