<?xml version="1.0" encoding="UTF-8"?>
<!-- Generated by org.testng.reporters.JUnitReportReporter -->
<testsuite hostname="IMTHADULLAH-PC" failures="0" tests="10" name="TestNG.PriorityInvocationEnable" time="0.043" errors="0" timestamp="2024-04-20T18:30:14 IST" skipped="1">
  <testcase classname="TestNG.PriorityInvocationEnable" name="method8" time="0.022"/>
  <system-out/>
  <testcase classname="TestNG.PriorityInvocationEnable" name="method7" time="0.004"/>
  <system-out/>
  <testcase classname="TestNG.PriorityInvocationEnable" name="method6" time="0.003"/>
  <system-out/>
  <testcase classname="TestNG.PriorityInvocationEnable" name="method5" time="0.002"/>
  <system-out/>
  <testcase classname="TestNG.PriorityInvocationEnable" name="method3" time="0.004"/>
  <system-out/>
  <testcase classname="TestNG.PriorityInvocationEnable" name="method3" time="0.001"/>
  <system-out/>
  <testcase classname="TestNG.PriorityInvocationEnable" name="method3" time="0.003"/>
  <system-out/>
  <testcase classname="TestNG.PriorityInvocationEnable" name="method2" time="0.002"/>
  <system-out/>
  <testcase classname="TestNG.PriorityInvocationEnable" name="method1" time="0.002"/>
  <system-out/>
  <testcase classname="TestNG.PriorityInvocationEnable" name="method4">
    <skipped/>
  </testcase> <!-- method4 -->
  <system-out/>
</testsuite> <!-- TestNG.PriorityInvocationEnable -->
