<?xml version="1.0" encoding="UTF-8"?>
<!-- Generated by org.testng.reporters.JUnitReportReporter -->
<testsuite hostname="IMTHADULLAH-PC" failures="0" tests="2" name="WebelementAndWebDriver.TestNGDataProvider" time="21.432" errors="0" timestamp="2024-04-03T15:37:58 IST" skipped="0">
  <testcase classname="WebelementAndWebDriver.TestNGDataProvider" name="detailsEnter" time="10.070"/>
  <system-out/>
  <testcase classname="WebelementAndWebDriver.TestNGDataProvider" name="detailsEnter" time="11.362"/>
  <system-out/>
</testsuite> <!-- WebelementAndWebDriver.TestNGDataProvider -->
