<?xml version="1.0" encoding="UTF-8"?>
<!-- Generated by org.testng.reporters.JUnitReportReporter -->
<testsuite hostname="IMTHADULLAH-PC" failures="0" tests="1" name="WebelementAndWebDriver.TestNGSoftAssert" time="0.250" errors="0" timestamp="2024-04-03T15:14:15 IST" skipped="0">
  <testcase classname="WebelementAndWebDriver.TestNGSoftAssert" name="enterintotest" time="0.250"/>
  <system-out/>
</testsuite> <!-- WebelementAndWebDriver.TestNGSoftAssert -->
