<?xml version="1.0" encoding="UTF-8"?>
<!-- Generated by org.testng.reporters.JUnitReportReporter -->
<testsuite hostname="IMTHADULLAH-PC" failures="0" tests="2" name="Sundaram.sundaram1" time="14.735" errors="0" timestamp="2024-05-11T19:43:08 IST" skipped="0">
  <testcase classname="Sundaram.sundaram1" name="Invoice" time="9.703"/>
  <system-out/>
  <testcase classname="Sundaram.sundaram1" name="Estimate" time="5.032"/>
  <system-out/>
</testsuite> <!-- Sundaram.sundaram1 -->
