<?xml version="1.0" encoding="UTF-8"?>
<!-- Generated by org.testng.reporters.JUnitReportReporter -->
<testsuite hostname="IMTHADULLAH-PC" failures="0" tests="1" name="Turbo.Demo" time="20.074" errors="0" timestamp="2024-05-27T17:46:48 IST" skipped="0">
  <testcase classname="Turbo.Demo" name="turbo" time="20.074"/>
  <system-out/>
</testsuite> <!-- Turbo.Demo -->
