<?xml version="1.0" encoding="UTF-8"?>
<!-- Generated by org.testng.reporters.JUnitReportReporter -->
<testsuite hostname="IMTHADULLAH-PC" failures="0" tests="6" name="TestNG.AdactinProject" time="39.641" errors="0" timestamp="2024-04-26T10:45:42 IST" skipped="0">
  <testcase classname="TestNG.AdactinProject" name="page2" time="1.788"/>
  <system-out/>
  <testcase classname="TestNG.AdactinProject" name="page4" time="14.970"/>
  <system-out/>
  <testcase classname="TestNG.AdactinProject" name="page1" time="5.246"/>
  <system-out/>
  <testcase classname="TestNG.AdactinProject" name="page3" time="3.001"/>
  <system-out/>
  <testcase classname="TestNG.AdactinProject" name="page6" time="1.730"/>
  <system-out/>
  <testcase classname="TestNG.AdactinProject" name="AdactinLoginPage" time="12.906"/>
  <system-out/>
</testsuite> <!-- TestNG.AdactinProject -->
